<?xml version="1.0" encoding="UTF-8"?>
<testsuite name="packt.java9.by.example.mybusiness.bulkorder.ProductInformationControllerTest" tests="2" skipped="2" failures="0" errors="0" timestamp="2016-12-17T15:02:25" hostname="MacBook-Pro.local" time="0.001">
  <properties/>
  <testcase name="noParamGreetingShouldReturnDefaultMessage" classname="packt.java9.by.example.mybusiness.bulkorder.ProductInformationControllerTest" time="0.0">
    <skipped/>
  </testcase>
  <testcase name="paramGreetingShouldReturnTailoredMessage" classname="packt.java9.by.example.mybusiness.bulkorder.ProductInformationControllerTest" time="0.0">
    <skipped/>
  </testcase>
  <system-out><![CDATA[16:02:25.125 [Test worker] DEBUG org.springframework.test.context.junit4.SpringJUnit4ClassRunner - SpringJUnit4ClassRunner constructor called with [class packt.java9.by.example.mybusiness.bulkorder.ProductInformationControllerTest]
16:02:25.130 [Test worker] DEBUG org.springframework.test.context.BootstrapUtils - Instantiating CacheAwareContextLoaderDelegate from class [org.springframework.test.context.cache.DefaultCacheAwareContextLoaderDelegate]
16:02:25.138 [Test worker] DEBUG org.springframework.test.context.BootstrapUtils - Instantiating BootstrapContext using constructor [public org.springframework.test.context.support.DefaultBootstrapContext(java.lang.Class,org.springframework.test.context.CacheAwareContextLoaderDelegate)]
16:02:25.167 [Test worker] DEBUG org.springframework.test.context.BootstrapUtils - Instantiating TestContextBootstrapper for test class [packt.java9.by.example.mybusiness.bulkorder.ProductInformationControllerTest] from class [org.springframework.boot.test.context.SpringBootTestContextBootstrapper]
16:02:25.182 [Test worker] INFO org.springframework.boot.test.context.SpringBootTestContextBootstrapper - Neither @ContextConfiguration nor @ContextHierarchy found for test class [packt.java9.by.example.mybusiness.bulkorder.ProductInformationControllerTest], using SpringBootContextLoader
16:02:25.186 [Test worker] DEBUG org.springframework.test.context.support.AbstractContextLoader - Did not detect default resource location for test class [packt.java9.by.example.mybusiness.bulkorder.ProductInformationControllerTest]: class path resource [packt/java9/by/example/mybusiness/bulkorder/ProductInformationControllerTest-context.xml] does not exist
16:02:25.186 [Test worker] DEBUG org.springframework.test.context.support.AbstractContextLoader - Did not detect default resource location for test class [packt.java9.by.example.mybusiness.bulkorder.ProductInformationControllerTest]: class path resource [packt/java9/by/example/mybusiness/bulkorder/ProductInformationControllerTestContext.groovy] does not exist
16:02:25.186 [Test worker] INFO org.springframework.test.context.support.AbstractContextLoader - Could not detect default resource locations for test class [packt.java9.by.example.mybusiness.bulkorder.ProductInformationControllerTest]: no resource found for suffixes {-context.xml, Context.groovy}.
16:02:25.266 [Test worker] DEBUG org.springframework.boot.test.context.SpringBootTestContextBootstrapper - @TestExecutionListeners is not present for class [packt.java9.by.example.mybusiness.bulkorder.ProductInformationControllerTest]: using defaults.
16:02:25.271 [Test worker] INFO org.springframework.boot.test.context.SpringBootTestContextBootstrapper - Loaded default TestExecutionListener class names from location [META-INF/spring.factories]: [org.springframework.boot.test.mock.mockito.MockitoTestExecutionListener, org.springframework.boot.test.mock.mockito.ResetMocksTestExecutionListener, org.springframework.boot.test.autoconfigure.restdocs.RestDocsTestExecutionListener, org.springframework.boot.test.autoconfigure.web.client.MockRestServiceServerResetTestExecutionListener, org.springframework.boot.test.autoconfigure.web.servlet.MockMvcPrintOnlyOnFailureTestExecutionListener, org.springframework.boot.test.autoconfigure.web.servlet.WebDriverTestExecutionListener, org.springframework.test.context.web.ServletTestExecutionListener, org.springframework.test.context.support.DirtiesContextBeforeModesTestExecutionListener, org.springframework.test.context.support.DependencyInjectionTestExecutionListener, org.springframework.test.context.support.DirtiesContextTestExecutionListener, org.springframework.test.context.transaction.TransactionalTestExecutionListener, org.springframework.test.context.jdbc.SqlScriptsTestExecutionListener]
16:02:25.283 [Test worker] INFO org.springframework.boot.test.context.SpringBootTestContextBootstrapper - Could not instantiate TestExecutionListener [org.springframework.test.context.transaction.TransactionalTestExecutionListener]. Specify custom listener classes or make the default listener classes (and their required dependencies) available. Offending class: [org/springframework/transaction/interceptor/TransactionAttributeSource]
16:02:25.284 [Test worker] INFO org.springframework.boot.test.context.SpringBootTestContextBootstrapper - Could not instantiate TestExecutionListener [org.springframework.test.context.jdbc.SqlScriptsTestExecutionListener]. Specify custom listener classes or make the default listener classes (and their required dependencies) available. Offending class: [org/springframework/transaction/interceptor/TransactionAttribute]
16:02:25.287 [Test worker] INFO org.springframework.boot.test.context.SpringBootTestContextBootstrapper - Using TestExecutionListeners: [org.springframework.test.context.web.ServletTestExecutionListener@3c8c47b3, org.springframework.test.context.support.DirtiesContextBeforeModesTestExecutionListener@7c5b1373, org.springframework.boot.test.autoconfigure.SpringBootDependencyInjectionTestExecutionListener@1f67c7a9, org.springframework.test.context.support.DirtiesContextTestExecutionListener@12e0b987, org.springframework.boot.test.autoconfigure.restdocs.RestDocsTestExecutionListener@4c8fc5b7, org.springframework.boot.test.autoconfigure.web.client.MockRestServiceServerResetTestExecutionListener@68eb87de, org.springframework.boot.test.mock.mockito.MockitoTestExecutionListener@49904fe5, org.springframework.boot.test.mock.mockito.ResetMocksTestExecutionListener@5e2bfbd1, org.springframework.boot.test.autoconfigure.web.servlet.MockMvcPrintOnlyOnFailureTestExecutionListener@6cbb2fde, org.springframework.boot.test.autoconfigure.web.servlet.WebDriverTestExecutionListener@58da80e0]
16:02:25.291 [Test worker] DEBUG org.springframework.test.annotation.ProfileValueUtils - Retrieved @ProfileValueSourceConfiguration [null] for test class [packt.java9.by.example.mybusiness.bulkorder.ProductInformationControllerTest]
16:02:25.292 [Test worker] DEBUG org.springframework.test.annotation.ProfileValueUtils - Retrieved ProfileValueSource type [class org.springframework.test.annotation.SystemProfileValueSource] for class [packt.java9.by.example.mybusiness.bulkorder.ProductInformationControllerTest]
16:02:25.293 [Test worker] DEBUG org.springframework.test.annotation.ProfileValueUtils - Retrieved @ProfileValueSourceConfiguration [null] for test class [packt.java9.by.example.mybusiness.bulkorder.ProductInformationControllerTest]
16:02:25.294 [Test worker] DEBUG org.springframework.test.annotation.ProfileValueUtils - Retrieved ProfileValueSource type [class org.springframework.test.annotation.SystemProfileValueSource] for class [packt.java9.by.example.mybusiness.bulkorder.ProductInformationControllerTest]
]]></system-out>
  <system-err><![CDATA[]]></system-err>
</testsuite>
