<?xml version="1.0" encoding="UTF-8"?>
<testsuite name="packt.java9.by.example.mastermind.UniqueGuesserTest" tests="2" skipped="0" failures="0" errors="0" timestamp="2017-02-16T18:34:17" hostname="EPCHZURW0033" time="0.0">
  <properties/>
  <testcase name="keepsGettingTillItBleedsOut" classname="packt.java9.by.example.mastermind.UniqueGuesserTest" time="0.0"/>
  <testcase name="generateAllGuesses" classname="packt.java9.by.example.mastermind.UniqueGuesserTest" time="0.0"/>
  <system-out><![CDATA[]]></system-out>
  <system-err><![CDATA[]]></system-err>
</testsuite>
