<?xml version="1.0" encoding="UTF-8"?>
<testsuite name="packt.java9.by.example.mastermind.GameTest" tests="2" skipped="0" failures="0" errors="0" timestamp="2017-02-16T18:34:17" hostname="EPCHZURW0033" time="0.012">
  <properties/>
  <testcase name="canAddNewGuess" classname="packt.java9.by.example.mastermind.GameTest" time="0.012"/>
  <testcase name="throwsExceptionForFinishedGame" classname="packt.java9.by.example.mastermind.GameTest" time="0.0"/>
  <system-out><![CDATA[]]></system-out>
  <system-err><![CDATA[]]></system-err>
</testsuite>
