<?xml version="1.0" encoding="UTF-8"?>
<testsuite name="packt.java9.by.example.mastermind.ColorManagerTest" tests="3" skipped="0" failures="0" errors="0" timestamp="2017-02-16T16:33:43" hostname="EPCHZURW0033" time="0.0">
  <properties/>
  <testcase name="thereIsAFirstColor" classname="packt.java9.by.example.mastermind.ColorManagerTest" time="0.0"/>
  <testcase name="noColorHasNoNextColor" classname="packt.java9.by.example.mastermind.ColorManagerTest" time="0.0"/>
  <testcase name="noNextColorIsNullWhenThereIsOne" classname="packt.java9.by.example.mastermind.ColorManagerTest" time="0.0"/>
  <system-out><![CDATA[packt.java9.by.example.mastermind.Color@6ff32a86
]]></system-out>
  <system-err><![CDATA[]]></system-err>
</testsuite>
