<?xml version="1.0" encoding="UTF-8"?>
<testsuite name="packt.java9.by.example.mastermind.UniqueGuesserTest" tests="2" skipped="0" failures="0" errors="0" timestamp="2017-02-24T11:48:22" hostname="EPCHZURW0033" time="0.023">
  <properties/>
  <testcase name="keepsGettingTillItBleedsOut" classname="packt.java9.by.example.mastermind.UniqueGuesserTest" time="0.021"/>
  <testcase name="generateAllGuesses" classname="packt.java9.by.example.mastermind.UniqueGuesserTest" time="0.002"/>
  <system-out><![CDATA[12:48:22.755 [Test worker] DEBUG p.j.b.e.mastermind.ColorManager - creating colorManager for 6 colors
12:48:22.755 [Test worker] DEBUG p.j.b.e.mastermind.ColorManager - creating colorManager for 6 colors
12:48:22.755 [Test worker] DEBUG p.java9.by.example.mastermind.Table - table is created with 4 columns and packt.java9.by.example.mastermind.ColorManager@137a4ab2 colorManager
12:48:22.777 [Test worker] DEBUG p.java9.by.example.mastermind.Table - table is created with 4 columns and packt.java9.by.example.mastermind.ColorManager@132269c8 colorManager
]]></system-out>
  <system-err><![CDATA[]]></system-err>
</testsuite>
