<?xml version="1.0" encoding="UTF-8"?>
<testsuite name="packt.java9.by.example.mastermind.ColorManagerTest" tests="3" skipped="0" failures="0" errors="0" timestamp="2017-02-24T11:48:22" hostname="EPCHZURW0033" time="0.116">
  <properties/>
  <testcase name="thereIsAFirstColor" classname="packt.java9.by.example.mastermind.ColorManagerTest" time="0.113"/>
  <testcase name="noColorHasNoNextColor" classname="packt.java9.by.example.mastermind.ColorManagerTest" time="0.001"/>
  <testcase name="noNextColorIsNullWhenThereIsOne" classname="packt.java9.by.example.mastermind.ColorManagerTest" time="0.001"/>
  <system-out><![CDATA[12:48:22.700 [Test worker] DEBUG p.j.b.e.mastermind.ColorManager - creating colorManager for 6 colors
12:48:22.708 [Test worker] DEBUG p.j.b.e.mastermind.ColorManager - creating colorManager for 6 colors
12:48:22.710 [Test worker] DEBUG p.j.b.e.mastermind.ColorManager - creating colorManager for 6 colors
]]></system-out>
  <system-err><![CDATA[]]></system-err>
</testsuite>
