<?xml version="1.0" encoding="UTF-8"?>
<testsuite name="packt.java9.by.example.mastermind.RowTest" tests="3" skipped="0" failures="0" errors="0" timestamp="2017-02-24T11:48:22" hostname="EPCHZURW0033" time="0.01">
  <properties/>
  <testcase name="allButOneColorsAndPositionsMatch" classname="packt.java9.by.example.mastermind.RowTest" time="0.01"/>
  <testcase name="twoColorsWrongPositionOtherGoodPosition" classname="packt.java9.by.example.mastermind.RowTest" time="0.0"/>
  <testcase name="allColorsAndPositionsMatch" classname="packt.java9.by.example.mastermind.RowTest" time="0.0"/>
  <system-out><![CDATA[12:48:22.744 [Test worker] DEBUG p.j.b.e.mastermind.ColorManager - creating colorManager for 6 colors
12:48:22.754 [Test worker] DEBUG p.j.b.e.mastermind.ColorManager - creating colorManager for 6 colors
12:48:22.754 [Test worker] DEBUG p.j.b.e.mastermind.ColorManager - creating colorManager for 6 colors
]]></system-out>
  <system-err><![CDATA[]]></system-err>
</testsuite>
