<?xml version="1.0" encoding="UTF-8"?>
<testsuite name="packt.java9.by.example.mastermind.integration.IntegrationTest" tests="1" skipped="1" failures="0" errors="0" timestamp="2017-02-24T11:48:22" hostname="EPCHZURW0033" time="0.0">
  <properties/>
  <testcase name="testSimpleGame" classname="packt.java9.by.example.mastermind.integration.IntegrationTest" time="0.0">
    <skipped/>
  </testcase>
  <system-out><![CDATA[]]></system-out>
  <system-err><![CDATA[]]></system-err>
</testsuite>
